# JRE version: Java(TM) SE Runtime Environment 18.9 (11.0.7+8) (build 11.0.7+8-LTS)
# Java VM: Java HotSpot(TM) 64-Bit Server VM 18.9 (11.0.7+8-LTS, mixed mode, tiered, compressed oops, g1 gc, windows-amd64)
Heap:
 garbage-first heap   total 524288K, used 217649K [0x0000000601000000, 0x0000000800000000)
  region size 2048K, 104 young (212992K), 5 survivors (10240K)
 Metaspace       used 55055K, capacity 56559K, committed 56748K, reserved 1097728K
  class space    used 7204K, capacity 7827K, committed 7936K, reserved 1048576K
GC Heap History (10 events):
Event: 0.821 GC heap before
{Heap before GC invocations=2 (full 0):
 garbage-first heap   total 524288K, used 56386K [0x0000000601000000, 0x0000000800000000)
  region size 2048K, 26 young (53248K), 1 survivors (2048K)
 Metaspace       used 19706K, capacity 20330K, committed 20480K, reserved 1067008K
  class space    used 2195K, capacity 2438K, committed 2560K, reserved 1048576K
}
Event: 0.822 GC heap after
{Heap after GC invocations=3 (full 0):
 garbage-first heap   total 524288K, used 8326K [0x0000000601000000, 0x0000000800000000)
  region size 2048K, 1 young (2048K), 1 survivors (2048K)
 Metaspace       used 19706K, capacity 20330K, committed 20480K, reserved 1067008K
  class space    used 2195K, capacity 2438K, committed 2560K, reserved 1048576K
}
Event: 0.851 GC heap before
{Heap before GC invocations=3 (full 0):
 garbage-first heap   total 524288K, used 12422K [0x0000000601000000, 0x0000000800000000)
  region size 2048K, 4 young (8192K), 1 survivors (2048K)
 Metaspace       used 20364K, capacity 20996K, committed 21248K, reserved 1069056K
  class space    used 2318K, capacity 2556K, committed 2560K, reserved 1048576K
}
Event: 0.853 GC heap after
{Heap after GC invocations=4 (full 0):
 garbage-first heap   total 524288K, used 8478K [0x0000000601000000, 0x0000000800000000)
  region size 2048K, 1 young (2048K), 1 survivors (2048K)
 Metaspace       used 20364K, capacity 20996K, committed 21248K, reserved 1069056K
  class space    used 2318K, capacity 2556K, committed 2560K, reserved 1048576K
}
Event: 1.339 GC heap before
{Heap before GC invocations=5 (full 0):
 garbage-first heap   total 524288K, used 125214K [0x0000000601000000, 0x0000000800000000)
  region size 2048K, 58 young (118784K), 1 survivors (2048K)
 Metaspace       used 23221K, capacity 23929K, committed 24064K, reserved 1071104K
  class space    used 2698K, capacity 2976K, committed 3072K, reserved 1048576K
}
Event: 1.342 GC heap after
{Heap after GC invocations=6 (full 0):
 garbage-first heap   total 524288K, used 12268K [0x0000000601000000, 0x0000000800000000)
  region size 2048K, 3 young (6144K), 3 survivors (6144K)
 Metaspace       used 23221K, capacity 23929K, committed 24064K, reserved 1071104K
  class space    used 2698K, capacity 2976K, committed 3072K, reserved 1048576K
}
Event: 1.854 GC heap before
{Heap before GC invocations=6 (full 0):
 garbage-first heap   total 524288K, used 165868K [0x0000000601000000, 0x0000000800000000)
  region size 2048K, 79 young (161792K), 3 survivors (6144K)
 Metaspace       used 27379K, capacity 28390K, committed 28672K, reserved 1075200K
  class space    used 3317K, capacity 3725K, committed 3840K, reserved 1048576K
}
Event: 1.858 GC heap after
{Heap after GC invocations=7 (full 0):
 garbage-first heap   total 524288K, used 14415K [0x0000000601000000, 0x0000000800000000)
  region size 2048K, 4 young (8192K), 4 survivors (8192K)
 Metaspace       used 27379K, capacity 28390K, committed 28672K, reserved 1075200K
  class space    used 3317K, capacity 3725K, committed 3840K, reserved 1048576K
}
Event: 2.307 GC heap before
{Heap before GC invocations=7 (full 0):
 garbage-first heap   total 524288K, used 155727K [0x0000000601000000, 0x0000000800000000)
  region size 2048K, 75 young (153600K), 4 survivors (8192K)
 Metaspace       used 34300K, capacity 35528K, committed 35628K, reserved 1081344K
  class space    used 4198K, capacity 4692K, committed 4736K, reserved 1048576K
}
Event: 2.312 GC heap after
{Heap after GC invocations=8 (full 0):
 garbage-first heap   total 524288K, used 16945K [0x0000000601000000, 0x0000000800000000)
  region size 2048K, 5 young (10240K), 5 survivors (10240K)
 Metaspace       used 34300K, capacity 35528K, committed 35628K, reserved 1081344K
  class space    used 4198K, capacity 4692K, committed 4736K, reserved 1048576K
}

