# JRE version: Java(TM) SE Runtime Environment 18.9 (11.0.7+8) (build 11.0.7+8-LTS)
# Java VM: Java HotSpot(TM) 64-Bit Server VM 18.9 (11.0.7+8-LTS, mixed mode, tiered, compressed oops, g1 gc, windows-amd64)
Heap:
 garbage-first heap   total 1114112K, used 859839K [0x0000000601000000, 0x0000000800000000)
  region size 2048K, 227 young (464896K), 20 survivors (40960K)
 Metaspace       used 68906K, capacity 72372K, committed 72476K, reserved 1112064K
  class space    used 8934K, capacity 10298K, committed 10348K, reserved 1048576K
GC Heap History (10 events):
Event: 4868.125 GC heap before
{Heap before GC invocations=2685 (full 9):
 garbage-first heap   total 1114112K, used 882367K [0x0000000601000000, 0x0000000800000000)
  region size 2048K, 237 young (485376K), 23 survivors (47104K)
 Metaspace       used 68906K, capacity 72372K, committed 72476K, reserved 1112064K
  class space    used 8934K, capacity 10298K, committed 10348K, reserved 1048576K
}
Event: 4868.139 GC heap after
{Heap after GC invocations=2686 (full 9):
 garbage-first heap   total 1114112K, used 438975K [0x0000000601000000, 0x0000000800000000)
  region size 2048K, 20 young (40960K), 20 survivors (40960K)
 Metaspace       used 68906K, capacity 72372K, committed 72476K, reserved 1112064K
  class space    used 8934K, capacity 10298K, committed 10348K, reserved 1048576K
}
Event: 4874.767 GC heap before
{Heap before GC invocations=2686 (full 9):
 garbage-first heap   total 1114112K, used 885439K [0x0000000601000000, 0x0000000800000000)
  region size 2048K, 239 young (489472K), 20 survivors (40960K)
 Metaspace       used 68906K, capacity 72372K, committed 72476K, reserved 1112064K
  class space    used 8934K, capacity 10298K, committed 10348K, reserved 1048576K
}
Event: 4874.781 GC heap after
{Heap after GC invocations=2687 (full 9):
 garbage-first heap   total 1114112K, used 444095K [0x0000000601000000, 0x0000000800000000)
  region size 2048K, 22 young (45056K), 22 survivors (45056K)
 Metaspace       used 68906K, capacity 72372K, committed 72476K, reserved 1112064K
  class space    used 8934K, capacity 10298K, committed 10348K, reserved 1048576K
}
Event: 4882.223 GC heap before
{Heap before GC invocations=2687 (full 9):
 garbage-first heap   total 1114112K, used 884415K [0x0000000601000000, 0x0000000800000000)
  region size 2048K, 238 young (487424K), 22 survivors (45056K)
 Metaspace       used 68906K, capacity 72372K, committed 72476K, reserved 1112064K
  class space    used 8934K, capacity 10298K, committed 10348K, reserved 1048576K
}
Event: 4882.241 GC heap after
{Heap after GC invocations=2688 (full 9):
 garbage-first heap   total 1114112K, used 454324K [0x0000000601000000, 0x0000000800000000)
  region size 2048K, 27 young (55296K), 27 survivors (55296K)
 Metaspace       used 68906K, capacity 72372K, committed 72476K, reserved 1112064K
  class space    used 8934K, capacity 10298K, committed 10348K, reserved 1048576K
}
Event: 4888.722 GC heap before
{Heap before GC invocations=2688 (full 9):
 garbage-first heap   total 1114112K, used 878260K [0x0000000601000000, 0x0000000800000000)
  region size 2048K, 235 young (481280K), 27 survivors (55296K)
 Metaspace       used 68906K, capacity 72372K, committed 72476K, reserved 1112064K
  class space    used 8934K, capacity 10298K, committed 10348K, reserved 1048576K
}
Event: 4888.738 GC heap after
{Heap after GC invocations=2689 (full 9):
 garbage-first heap   total 1114112K, used 452287K [0x0000000601000000, 0x0000000800000000)
  region size 2048K, 26 young (53248K), 26 survivors (53248K)
 Metaspace       used 68906K, capacity 72372K, committed 72476K, reserved 1112064K
  class space    used 8934K, capacity 10298K, committed 10348K, reserved 1048576K
}
Event: 4895.095 GC heap before
{Heap before GC invocations=2689 (full 9):
 garbage-first heap   total 1114112K, used 878271K [0x0000000601000000, 0x0000000800000000)
  region size 2048K, 234 young (479232K), 26 survivors (53248K)
 Metaspace       used 68906K, capacity 72372K, committed 72476K, reserved 1112064K
  class space    used 8934K, capacity 10298K, committed 10348K, reserved 1048576K
}
Event: 4895.109 GC heap after
{Heap after GC invocations=2690 (full 9):
 garbage-first heap   total 1114112K, used 439999K [0x0000000601000000, 0x0000000800000000)
  region size 2048K, 20 young (40960K), 20 survivors (40960K)
 Metaspace       used 68906K, capacity 72372K, committed 72476K, reserved 1112064K
  class space    used 8934K, capacity 10298K, committed 10348K, reserved 1048576K
}

