# JRE version: Java(TM) SE Runtime Environment 18.9 (11.0.7+8) (build 11.0.7+8-LTS)
# Java VM: Java HotSpot(TM) 64-Bit Server VM 18.9 (11.0.7+8-LTS, mixed mode, tiered, compressed oops, g1 gc, windows-amd64)
Heap:
 garbage-first heap   total 524288K, used 26033K [0x0000000601000000, 0x0000000800000000)
  region size 2048K, 11 young (22528K), 6 survivors (12288K)
 Metaspace       used 36052K, capacity 37342K, committed 37620K, reserved 1081344K
  class space    used 4435K, capacity 4913K, committed 4992K, reserved 1048576K
GC Heap History (10 events):
Event: 0.670 GC heap before
{Heap before GC invocations=0 (full 0):
 garbage-first heap   total 524288K, used 24576K [0x0000000601000000, 0x0000000800000000)
  region size 2048K, 12 young (24576K), 0 survivors (0K)
 Metaspace       used 13981K, capacity 14400K, committed 14720K, reserved 1062912K
  class space    used 1463K, capacity 1589K, committed 1664K, reserved 1048576K
}
Event: 0.674 GC heap after
{Heap after GC invocations=1 (full 0):
 garbage-first heap   total 524288K, used 6745K [0x0000000601000000, 0x0000000800000000)
  region size 2048K, 2 young (4096K), 2 survivors (4096K)
 Metaspace       used 13981K, capacity 14400K, committed 14720K, reserved 1062912K
  class space    used 1463K, capacity 1589K, committed 1664K, reserved 1048576K
}
Event: 0.898 GC heap before
{Heap before GC invocations=1 (full 0):
 garbage-first heap   total 524288K, used 80473K [0x0000000601000000, 0x0000000800000000)
  region size 2048K, 40 young (81920K), 2 survivors (4096K)
 Metaspace       used 20367K, capacity 20996K, committed 21248K, reserved 1069056K
  class space    used 2317K, capacity 2556K, committed 2560K, reserved 1048576K
}
Event: 0.901 GC heap after
{Heap after GC invocations=2 (full 0):
 garbage-first heap   total 524288K, used 8464K [0x0000000601000000, 0x0000000800000000)
  region size 2048K, 3 young (6144K), 3 survivors (6144K)
 Metaspace       used 20367K, capacity 20996K, committed 21248K, reserved 1069056K
  class space    used 2317K, capacity 2556K, committed 2560K, reserved 1048576K
}
Event: 1.261 GC heap before
{Heap before GC invocations=3 (full 0):
 garbage-first heap   total 524288K, used 86288K [0x0000000601000000, 0x0000000800000000)
  region size 2048K, 42 young (86016K), 3 survivors (6144K)
 Metaspace       used 23195K, capacity 23929K, committed 24064K, reserved 1071104K
  class space    used 2699K, capacity 2976K, committed 3072K, reserved 1048576K
}
Event: 1.264 GC heap after
{Heap after GC invocations=4 (full 0):
 garbage-first heap   total 524288K, used 10986K [0x0000000601000000, 0x0000000800000000)
  region size 2048K, 5 young (10240K), 5 survivors (10240K)
 Metaspace       used 23195K, capacity 23929K, committed 24064K, reserved 1071104K
  class space    used 2699K, capacity 2976K, committed 3072K, reserved 1048576K
}
Event: 1.529 GC heap before
{Heap before GC invocations=4 (full 0):
 garbage-first heap   total 524288K, used 109290K [0x0000000601000000, 0x0000000800000000)
  region size 2048K, 54 young (110592K), 5 survivors (10240K)
 Metaspace       used 25232K, capacity 26054K, committed 26240K, reserved 1073152K
  class space    used 2989K, capacity 3332K, committed 3456K, reserved 1048576K
}
Event: 1.534 GC heap after
{Heap after GC invocations=5 (full 0):
 garbage-first heap   total 524288K, used 13037K [0x0000000601000000, 0x0000000800000000)
  region size 2048K, 4 young (8192K), 4 survivors (8192K)
 Metaspace       used 25232K, capacity 26054K, committed 26240K, reserved 1073152K
  class space    used 2989K, capacity 3332K, committed 3456K, reserved 1048576K
}
Event: 2.382 GC heap before
{Heap before GC invocations=5 (full 0):
 garbage-first heap   total 524288K, used 246509K [0x0000000601000000, 0x0000000800000000)
  region size 2048K, 120 young (245760K), 4 survivors (8192K)
 Metaspace       used 34297K, capacity 35528K, committed 35628K, reserved 1081344K
  class space    used 4203K, capacity 4692K, committed 4736K, reserved 1048576K
}
Event: 2.389 GC heap after
{Heap after GC invocations=6 (full 0):
 garbage-first heap   total 524288K, used 17841K [0x0000000601000000, 0x0000000800000000)
  region size 2048K, 6 young (12288K), 6 survivors (12288K)
 Metaspace       used 34297K, capacity 35528K, committed 35628K, reserved 1081344K
  class space    used 4203K, capacity 4692K, committed 4736K, reserved 1048576K
}

