# JRE version: Java(TM) SE Runtime Environment 18.9 (11.0.7+8) (build 11.0.7+8-LTS)
# Java VM: Java HotSpot(TM) 64-Bit Server VM 18.9 (11.0.7+8-LTS, mixed mode, tiered, compressed oops, g1 gc, windows-amd64)
Heap:
 garbage-first heap   total 96256K, used 56977K [0x0000000601000000, 0x0000000800000000)
  region size 2048K, 7 young (14336K), 1 survivors (2048K)
 Metaspace       used 64308K, capacity 66265K, committed 66476K, reserved 1105920K
  class space    used 8397K, capacity 9154K, committed 9216K, reserved 1048576K
GC Heap History (10 events):
Event: 688.701 GC heap before
{Heap before GC invocations=45 (full 1):
 garbage-first heap   total 96256K, used 58450K [0x0000000601000000, 0x0000000800000000)
  region size 2048K, 3 young (6144K), 2 survivors (4096K)
 Metaspace       used 64308K, capacity 66265K, committed 66476K, reserved 1105920K
  class space    used 8397K, capacity 9154K, committed 9216K, reserved 1048576K
}
Event: 688.704 GC heap after
{Heap after GC invocations=46 (full 1):
 garbage-first heap   total 96256K, used 54548K [0x0000000601000000, 0x0000000800000000)
  region size 2048K, 0 young (0K), 0 survivors (0K)
 Metaspace       used 64308K, capacity 66265K, committed 66476K, reserved 1105920K
  class space    used 8397K, capacity 9154K, committed 9216K, reserved 1048576K
}
Event: 690.067 GC heap before
{Heap before GC invocations=46 (full 1):
 garbage-first heap   total 96256K, used 70932K [0x0000000601000000, 0x0000000800000000)
  region size 2048K, 8 young (16384K), 0 survivors (0K)
 Metaspace       used 64308K, capacity 66265K, committed 66476K, reserved 1105920K
  class space    used 8397K, capacity 9154K, committed 9216K, reserved 1048576K
}
Event: 690.069 GC heap after
{Heap after GC invocations=47 (full 1):
 garbage-first heap   total 96256K, used 58198K [0x0000000601000000, 0x0000000800000000)
  region size 2048K, 1 young (2048K), 1 survivors (2048K)
 Metaspace       used 64308K, capacity 66265K, committed 66476K, reserved 1105920K
  class space    used 8397K, capacity 9154K, committed 9216K, reserved 1048576K
}
Event: 691.210 GC heap before
{Heap before GC invocations=48 (full 1):
 garbage-first heap   total 96256K, used 64342K [0x0000000601000000, 0x0000000800000000)
  region size 2048K, 8 young (16384K), 1 survivors (2048K)
 Metaspace       used 64308K, capacity 66265K, committed 66476K, reserved 1105920K
  class space    used 8397K, capacity 9154K, committed 9216K, reserved 1048576K
}
Event: 691.212 GC heap after
{Heap after GC invocations=49 (full 1):
 garbage-first heap   total 96256K, used 57328K [0x0000000601000000, 0x0000000800000000)
  region size 2048K, 1 young (2048K), 1 survivors (2048K)
 Metaspace       used 64308K, capacity 66265K, committed 66476K, reserved 1105920K
  class space    used 8397K, capacity 9154K, committed 9216K, reserved 1048576K
}
Event: 691.748 GC heap before
{Heap before GC invocations=49 (full 1):
 garbage-first heap   total 96256K, used 59376K [0x0000000601000000, 0x0000000800000000)
  region size 2048K, 2 young (4096K), 1 survivors (2048K)
 Metaspace       used 64308K, capacity 66265K, committed 66476K, reserved 1105920K
  class space    used 8397K, capacity 9154K, committed 9216K, reserved 1048576K
}
Event: 691.750 GC heap after
{Heap after GC invocations=50 (full 1):
 garbage-first heap   total 96256K, used 48517K [0x0000000601000000, 0x0000000800000000)
  region size 2048K, 1 young (2048K), 1 survivors (2048K)
 Metaspace       used 64308K, capacity 66265K, committed 66476K, reserved 1105920K
  class space    used 8397K, capacity 9154K, committed 9216K, reserved 1048576K
}
Event: 691.763 GC heap before
{Heap before GC invocations=50 (full 1):
 garbage-first heap   total 96256K, used 50565K [0x0000000601000000, 0x0000000800000000)
  region size 2048K, 2 young (4096K), 1 survivors (2048K)
 Metaspace       used 64308K, capacity 66265K, committed 66476K, reserved 1105920K
  class space    used 8397K, capacity 9154K, committed 9216K, reserved 1048576K
}
Event: 691.766 GC heap after
{Heap after GC invocations=51 (full 1):
 garbage-first heap   total 96256K, used 46737K [0x0000000601000000, 0x0000000800000000)
  region size 2048K, 1 young (2048K), 1 survivors (2048K)
 Metaspace       used 64308K, capacity 66265K, committed 66476K, reserved 1105920K
  class space    used 8397K, capacity 9154K, committed 9216K, reserved 1048576K
}

